[2021-03-04 20:47:27,225] {taskinstance.py:670} INFO - Dependencies all met for <TaskInstance: clean_data.read_data_search_result_interaction 2021-03-04T20:47:02.270488+00:00 [queued]>
[2021-03-04 20:47:27,258] {taskinstance.py:670} INFO - Dependencies all met for <TaskInstance: clean_data.read_data_search_result_interaction 2021-03-04T20:47:02.270488+00:00 [queued]>
[2021-03-04 20:47:27,259] {taskinstance.py:880} INFO - 
--------------------------------------------------------------------------------
[2021-03-04 20:47:27,259] {taskinstance.py:881} INFO - Starting attempt 1 of 2
[2021-03-04 20:47:27,259] {taskinstance.py:882} INFO - 
--------------------------------------------------------------------------------
[2021-03-04 20:47:27,299] {taskinstance.py:901} INFO - Executing <Task(SqliteOperator): read_data_search_result_interaction> on 2021-03-04T20:47:02.270488+00:00
[2021-03-04 20:47:27,303] {standard_task_runner.py:54} INFO - Started process 5516 to run task
[2021-03-04 20:47:27,337] {standard_task_runner.py:77} INFO - Running: ['airflow', 'run', 'clean_data', 'read_data_search_result_interaction', '2021-03-04T20:47:02.270488+00:00', '--job_id', '55', '--pool', 'default_pool', '--raw', '-sd', 'DAGS_FOLDER/data_clean.py', '--cfg_path', '/tmp/tmpqc_b9rc4']
[2021-03-04 20:47:27,340] {standard_task_runner.py:78} INFO - Job 55: Subtask read_data_search_result_interaction
[2021-03-04 20:47:27,409] {logging_mixin.py:112} INFO - Running %s on host %s <TaskInstance: clean_data.read_data_search_result_interaction 2021-03-04T20:47:02.270488+00:00 [running]> 6623e80cd770
[2021-03-04 20:47:27,452] {sqlite_operator.py:52} INFO - Executing: 
        select count(*)
        from search_result_interaction
    
[2021-03-04 20:47:27,470] {base_hook.py:89} INFO - Using connection to: id: sqlite_db. Host: /data/airflow.db, Port: None, Schema: None, Login: None, Password: None, extra: None
[2021-03-04 20:47:27,478] {dbapi_hook.py:171} INFO - 
        select count(*)
        from search_result_interaction
     with parameters []
[2021-03-04 20:47:27,503] {taskinstance.py:1070} INFO - Marking task as SUCCESS.dag_id=clean_data, task_id=read_data_search_result_interaction, execution_date=20210304T204702, start_date=20210304T204727, end_date=20210304T204727
[2021-03-04 20:47:32,199] {local_task_job.py:102} INFO - Task exited with return code 0
