[2021-03-04 21:27:49,061] {taskinstance.py:670} INFO - Dependencies all met for <TaskInstance: clean_data.read_data_search_request 2021-03-04T21:27:01.333591+00:00 [queued]>
[2021-03-04 21:27:49,093] {taskinstance.py:670} INFO - Dependencies all met for <TaskInstance: clean_data.read_data_search_request 2021-03-04T21:27:01.333591+00:00 [queued]>
[2021-03-04 21:27:49,094] {taskinstance.py:880} INFO - 
--------------------------------------------------------------------------------
[2021-03-04 21:27:49,094] {taskinstance.py:881} INFO - Starting attempt 1 of 2
[2021-03-04 21:27:49,095] {taskinstance.py:882} INFO - 
--------------------------------------------------------------------------------
[2021-03-04 21:27:49,124] {taskinstance.py:901} INFO - Executing <Task(SqliteOperator): read_data_search_request> on 2021-03-04T21:27:01.333591+00:00
[2021-03-04 21:27:49,127] {standard_task_runner.py:54} INFO - Started process 6687 to run task
[2021-03-04 21:27:49,152] {standard_task_runner.py:77} INFO - Running: ['airflow', 'run', 'clean_data', 'read_data_search_request', '2021-03-04T21:27:01.333591+00:00', '--job_id', '84', '--pool', 'default_pool', '--raw', '-sd', 'DAGS_FOLDER/data_clean.py', '--cfg_path', '/tmp/tmptz1x6r5b']
[2021-03-04 21:27:49,155] {standard_task_runner.py:78} INFO - Job 84: Subtask read_data_search_request
[2021-03-04 21:27:49,280] {logging_mixin.py:112} INFO - Running %s on host %s <TaskInstance: clean_data.read_data_search_request 2021-03-04T21:27:01.333591+00:00 [running]> 6623e80cd770
[2021-03-04 21:27:49,308] {sqlite_operator.py:52} INFO - Executing: 
        select count(*)
        from search_request
    
[2021-03-04 21:27:49,320] {base_hook.py:89} INFO - Using connection to: id: sqlite_db. Host: /data/airflow.db, Port: None, Schema: None, Login: None, Password: None, extra: None
[2021-03-04 21:27:49,323] {dbapi_hook.py:171} INFO - 
        select count(*)
        from search_request
     with parameters []
[2021-03-04 21:27:49,356] {taskinstance.py:1070} INFO - Marking task as SUCCESS.dag_id=clean_data, task_id=read_data_search_request, execution_date=20210304T212701, start_date=20210304T212749, end_date=20210304T212749
[2021-03-04 21:27:54,034] {local_task_job.py:102} INFO - Task exited with return code 0
