[2021-03-04 21:07:42,187] {taskinstance.py:670} INFO - Dependencies all met for <TaskInstance: clean_data.read_data_search_request 2021-03-04T21:07:26.948897+00:00 [queued]>
[2021-03-04 21:07:42,217] {taskinstance.py:670} INFO - Dependencies all met for <TaskInstance: clean_data.read_data_search_request 2021-03-04T21:07:26.948897+00:00 [queued]>
[2021-03-04 21:07:42,217] {taskinstance.py:880} INFO - 
--------------------------------------------------------------------------------
[2021-03-04 21:07:42,218] {taskinstance.py:881} INFO - Starting attempt 1 of 2
[2021-03-04 21:07:42,218] {taskinstance.py:882} INFO - 
--------------------------------------------------------------------------------
[2021-03-04 21:07:42,259] {taskinstance.py:901} INFO - Executing <Task(SqliteOperator): read_data_search_request> on 2021-03-04T21:07:26.948897+00:00
[2021-03-04 21:07:42,265] {standard_task_runner.py:54} INFO - Started process 6135 to run task
[2021-03-04 21:07:42,303] {standard_task_runner.py:77} INFO - Running: ['airflow', 'run', 'clean_data', 'read_data_search_request', '2021-03-04T21:07:26.948897+00:00', '--job_id', '61', '--pool', 'default_pool', '--raw', '-sd', 'DAGS_FOLDER/data_clean.py', '--cfg_path', '/tmp/tmp_tgohn0m']
[2021-03-04 21:07:42,311] {standard_task_runner.py:78} INFO - Job 61: Subtask read_data_search_request
[2021-03-04 21:07:42,394] {logging_mixin.py:112} INFO - Running %s on host %s <TaskInstance: clean_data.read_data_search_request 2021-03-04T21:07:26.948897+00:00 [running]> 6623e80cd770
[2021-03-04 21:07:42,437] {sqlite_operator.py:52} INFO - Executing: 
        select count(*)
        from search_request
    
[2021-03-04 21:07:42,467] {base_hook.py:89} INFO - Using connection to: id: sqlite_db. Host: /data/airflow.db, Port: None, Schema: None, Login: None, Password: None, extra: None
[2021-03-04 21:07:42,471] {dbapi_hook.py:171} INFO - 
        select count(*)
        from search_request
     with parameters []
[2021-03-04 21:07:42,521] {taskinstance.py:1070} INFO - Marking task as SUCCESS.dag_id=clean_data, task_id=read_data_search_request, execution_date=20210304T210726, start_date=20210304T210742, end_date=20210304T210742
[2021-03-04 21:07:47,163] {local_task_job.py:102} INFO - Task exited with return code 0
