[2021-03-04 22:52:10,143] {taskinstance.py:670} INFO - Dependencies all met for <TaskInstance: clean_data.clean_data_search_request 2021-03-04T22:51:08.529824+00:00 [queued]>
[2021-03-04 22:52:10,170] {taskinstance.py:670} INFO - Dependencies all met for <TaskInstance: clean_data.clean_data_search_request 2021-03-04T22:51:08.529824+00:00 [queued]>
[2021-03-04 22:52:10,170] {taskinstance.py:880} INFO - 
--------------------------------------------------------------------------------
[2021-03-04 22:52:10,171] {taskinstance.py:881} INFO - Starting attempt 1 of 2
[2021-03-04 22:52:10,171] {taskinstance.py:882} INFO - 
--------------------------------------------------------------------------------
[2021-03-04 22:52:10,193] {taskinstance.py:901} INFO - Executing <Task(PythonOperator): clean_data_search_request> on 2021-03-04T22:51:08.529824+00:00
[2021-03-04 22:52:10,196] {standard_task_runner.py:54} INFO - Started process 547 to run task
[2021-03-04 22:52:10,219] {standard_task_runner.py:77} INFO - Running: ['airflow', 'run', 'clean_data', 'clean_data_search_request', '2021-03-04T22:51:08.529824+00:00', '--job_id', '40', '--pool', 'default_pool', '--raw', '-sd', 'DAGS_FOLDER/data_clean.py', '--cfg_path', '/tmp/tmpd1tg33e7']
[2021-03-04 22:52:10,222] {standard_task_runner.py:78} INFO - Job 40: Subtask clean_data_search_request
[2021-03-04 22:52:10,269] {logging_mixin.py:112} INFO - Running %s on host %s <TaskInstance: clean_data.clean_data_search_request 2021-03-04T22:51:08.529824+00:00 [running]> 6623e80cd770
[2021-03-04 22:52:10,295] {data_clean.py:114} INFO - ***** NOAH starting clean data search_request
[2021-03-04 22:52:10,327] {data_clean.py:122} INFO - ****** NOAH just dropped 1 columns from search_request
[2021-03-04 22:52:10,331] {logging_mixin.py:112} WARNING - /opt/airflow/dags/data_clean.py:130: SettingWithCopyWarning: 
A value is trying to be set on a copy of a slice from a DataFrame

See the caveats in the documentation: https://pandas.pydata.org/pandas-docs/stable/user_guide/indexing.html#returning-a-view-versus-a-copy
  df['ts'][count] = cleaned
[2021-03-04 22:52:10,357] {logging_mixin.py:112} WARNING - /home/airflow/.local/lib/python3.6/site-packages/pandas/core/indexing.py:670: SettingWithCopyWarning: 
A value is trying to be set on a copy of a slice from a DataFrame

See the caveats in the documentation: https://pandas.pydata.org/pandas-docs/stable/user_guide/indexing.html#returning-a-view-versus-a-copy
  iloc._setitem_with_indexer(indexer, value)
[2021-03-04 22:52:38,004] {data_clean.py:132} INFO - ****** NOAH finished cleaning timestamp
[2021-03-04 22:52:38,163] {python_operator.py:114} INFO - Done. Returned value was: None
[2021-03-04 22:52:38,175] {taskinstance.py:1070} INFO - Marking task as SUCCESS.dag_id=clean_data, task_id=clean_data_search_request, execution_date=20210304T225108, start_date=20210304T225210, end_date=20210304T225238
[2021-03-04 22:52:40,466] {local_task_job.py:102} INFO - Task exited with return code 0
