[2021-03-04 21:10:31,715] {taskinstance.py:670} INFO - Dependencies all met for <TaskInstance: clean_data.read_data_search_request 2021-03-04T21:10:15.391153+00:00 [queued]>
[2021-03-04 21:10:31,741] {taskinstance.py:670} INFO - Dependencies all met for <TaskInstance: clean_data.read_data_search_request 2021-03-04T21:10:15.391153+00:00 [queued]>
[2021-03-04 21:10:31,741] {taskinstance.py:880} INFO - 
--------------------------------------------------------------------------------
[2021-03-04 21:10:31,741] {taskinstance.py:881} INFO - Starting attempt 1 of 2
[2021-03-04 21:10:31,742] {taskinstance.py:882} INFO - 
--------------------------------------------------------------------------------
[2021-03-04 21:10:31,775] {taskinstance.py:901} INFO - Executing <Task(SqliteOperator): read_data_search_request> on 2021-03-04T21:10:15.391153+00:00
[2021-03-04 21:10:31,778] {standard_task_runner.py:54} INFO - Started process 6229 to run task
[2021-03-04 21:10:31,797] {standard_task_runner.py:77} INFO - Running: ['airflow', 'run', 'clean_data', 'read_data_search_request', '2021-03-04T21:10:15.391153+00:00', '--job_id', '66', '--pool', 'default_pool', '--raw', '-sd', 'DAGS_FOLDER/data_clean.py', '--cfg_path', '/tmp/tmp0tm9l1_e']
[2021-03-04 21:10:31,801] {standard_task_runner.py:78} INFO - Job 66: Subtask read_data_search_request
[2021-03-04 21:10:31,989] {logging_mixin.py:112} INFO - Running %s on host %s <TaskInstance: clean_data.read_data_search_request 2021-03-04T21:10:15.391153+00:00 [running]> 6623e80cd770
[2021-03-04 21:10:32,017] {sqlite_operator.py:52} INFO - Executing: 
        select count(*)
        from search_request
    
[2021-03-04 21:10:32,029] {base_hook.py:89} INFO - Using connection to: id: sqlite_db. Host: /data/airflow.db, Port: None, Schema: None, Login: None, Password: None, extra: None
[2021-03-04 21:10:32,035] {dbapi_hook.py:171} INFO - 
        select count(*)
        from search_request
     with parameters []
[2021-03-04 21:10:32,051] {taskinstance.py:1070} INFO - Marking task as SUCCESS.dag_id=clean_data, task_id=read_data_search_request, execution_date=20210304T211015, start_date=20210304T211031, end_date=20210304T211032
[2021-03-04 21:10:36,693] {local_task_job.py:102} INFO - Task exited with return code 0
