[2021-03-04 20:47:19,338] {taskinstance.py:670} INFO - Dependencies all met for <TaskInstance: clean_data.read_data_search_request 2021-03-04T20:47:02.270488+00:00 [queued]>
[2021-03-04 20:47:19,375] {taskinstance.py:670} INFO - Dependencies all met for <TaskInstance: clean_data.read_data_search_request 2021-03-04T20:47:02.270488+00:00 [queued]>
[2021-03-04 20:47:19,376] {taskinstance.py:880} INFO - 
--------------------------------------------------------------------------------
[2021-03-04 20:47:19,376] {taskinstance.py:881} INFO - Starting attempt 1 of 2
[2021-03-04 20:47:19,377] {taskinstance.py:882} INFO - 
--------------------------------------------------------------------------------
[2021-03-04 20:47:19,412] {taskinstance.py:901} INFO - Executing <Task(SqliteOperator): read_data_search_request> on 2021-03-04T20:47:02.270488+00:00
[2021-03-04 20:47:19,415] {standard_task_runner.py:54} INFO - Started process 5510 to run task
[2021-03-04 20:47:19,446] {standard_task_runner.py:77} INFO - Running: ['airflow', 'run', 'clean_data', 'read_data_search_request', '2021-03-04T20:47:02.270488+00:00', '--job_id', '54', '--pool', 'default_pool', '--raw', '-sd', 'DAGS_FOLDER/data_clean.py', '--cfg_path', '/tmp/tmpkmkc0sj6']
[2021-03-04 20:47:19,450] {standard_task_runner.py:78} INFO - Job 54: Subtask read_data_search_request
[2021-03-04 20:47:19,498] {logging_mixin.py:112} INFO - Running %s on host %s <TaskInstance: clean_data.read_data_search_request 2021-03-04T20:47:02.270488+00:00 [running]> 6623e80cd770
[2021-03-04 20:47:19,523] {sqlite_operator.py:52} INFO - Executing: 
        select count(*)
        from search_request
    
[2021-03-04 20:47:19,532] {base_hook.py:89} INFO - Using connection to: id: sqlite_db. Host: /data/airflow.db, Port: None, Schema: None, Login: None, Password: None, extra: None
[2021-03-04 20:47:19,534] {dbapi_hook.py:171} INFO - 
        select count(*)
        from search_request
     with parameters []
[2021-03-04 20:47:19,547] {taskinstance.py:1070} INFO - Marking task as SUCCESS.dag_id=clean_data, task_id=read_data_search_request, execution_date=20210304T204702, start_date=20210304T204719, end_date=20210304T204719
[2021-03-04 20:47:24,311] {local_task_job.py:102} INFO - Task exited with return code 0
