[2021-03-04 22:52:03,253] {taskinstance.py:670} INFO - Dependencies all met for <TaskInstance: clean_data.read_data_search_result_interaction 2021-03-04T22:51:08.529824+00:00 [queued]>
[2021-03-04 22:52:03,281] {taskinstance.py:670} INFO - Dependencies all met for <TaskInstance: clean_data.read_data_search_result_interaction 2021-03-04T22:51:08.529824+00:00 [queued]>
[2021-03-04 22:52:03,281] {taskinstance.py:880} INFO - 
--------------------------------------------------------------------------------
[2021-03-04 22:52:03,282] {taskinstance.py:881} INFO - Starting attempt 1 of 2
[2021-03-04 22:52:03,283] {taskinstance.py:882} INFO - 
--------------------------------------------------------------------------------
[2021-03-04 22:52:03,311] {taskinstance.py:901} INFO - Executing <Task(SqliteOperator): read_data_search_result_interaction> on 2021-03-04T22:51:08.529824+00:00
[2021-03-04 22:52:03,314] {standard_task_runner.py:54} INFO - Started process 541 to run task
[2021-03-04 22:52:03,336] {standard_task_runner.py:77} INFO - Running: ['airflow', 'run', 'clean_data', 'read_data_search_result_interaction', '2021-03-04T22:51:08.529824+00:00', '--job_id', '39', '--pool', 'default_pool', '--raw', '-sd', 'DAGS_FOLDER/data_clean.py', '--cfg_path', '/tmp/tmpnuilqeee']
[2021-03-04 22:52:03,339] {standard_task_runner.py:78} INFO - Job 39: Subtask read_data_search_result_interaction
[2021-03-04 22:52:03,391] {logging_mixin.py:112} INFO - Running %s on host %s <TaskInstance: clean_data.read_data_search_result_interaction 2021-03-04T22:51:08.529824+00:00 [running]> 6623e80cd770
[2021-03-04 22:52:03,413] {sqlite_operator.py:52} INFO - Executing: 
        select count(*)
        from search_result_interaction
    
[2021-03-04 22:52:03,423] {base_hook.py:89} INFO - Using connection to: id: sqlite_db. Host: /data/airflow.db, Port: None, Schema: None, Login: None, Password: None, extra: None
[2021-03-04 22:52:03,425] {dbapi_hook.py:171} INFO - 
        select count(*)
        from search_result_interaction
     with parameters []
[2021-03-04 22:52:03,444] {taskinstance.py:1070} INFO - Marking task as SUCCESS.dag_id=clean_data, task_id=read_data_search_result_interaction, execution_date=20210304T225108, start_date=20210304T225203, end_date=20210304T225203
[2021-03-04 22:52:08,235] {local_task_job.py:102} INFO - Task exited with return code 0
