[2021-03-03 20:01:36,956] {taskinstance.py:670} INFO - Dependencies all met for <TaskInstance: clean_data.read_data_search_request 2021-03-03T20:01:19.438576+00:00 [queued]>
[2021-03-03 20:01:37,003] {taskinstance.py:670} INFO - Dependencies all met for <TaskInstance: clean_data.read_data_search_request 2021-03-03T20:01:19.438576+00:00 [queued]>
[2021-03-03 20:01:37,004] {taskinstance.py:880} INFO - 
--------------------------------------------------------------------------------
[2021-03-03 20:01:37,004] {taskinstance.py:881} INFO - Starting attempt 1 of 2
[2021-03-03 20:01:37,004] {taskinstance.py:882} INFO - 
--------------------------------------------------------------------------------
[2021-03-03 20:01:37,031] {taskinstance.py:901} INFO - Executing <Task(SqliteOperator): read_data_search_request> on 2021-03-03T20:01:19.438576+00:00
[2021-03-03 20:01:37,033] {standard_task_runner.py:54} INFO - Started process 84 to run task
[2021-03-03 20:01:37,061] {standard_task_runner.py:77} INFO - Running: ['airflow', 'run', 'clean_data', 'read_data_search_request', '2021-03-03T20:01:19.438576+00:00', '--job_id', '5', '--pool', 'default_pool', '--raw', '-sd', 'DAGS_FOLDER/data_clean.py', '--cfg_path', '/tmp/tmpdoi_9mor']
[2021-03-03 20:01:37,065] {standard_task_runner.py:78} INFO - Job 5: Subtask read_data_search_request
[2021-03-03 20:01:37,116] {logging_mixin.py:112} INFO - Running %s on host %s <TaskInstance: clean_data.read_data_search_request 2021-03-03T20:01:19.438576+00:00 [running]> 6623e80cd770
[2021-03-03 20:01:37,145] {sqlite_operator.py:52} INFO - Executing: 
        select count(*)
        from search_request
    
[2021-03-03 20:01:37,156] {base_hook.py:89} INFO - Using connection to: id: sqlite_db. Host: /data/airflow.db, Port: None, Schema: None, Login: None, Password: None, extra: None
[2021-03-03 20:01:37,159] {dbapi_hook.py:171} INFO - 
        select count(*)
        from search_request
     with parameters []
[2021-03-03 20:01:37,177] {taskinstance.py:1070} INFO - Marking task as SUCCESS.dag_id=clean_data, task_id=read_data_search_request, execution_date=20210303T200119, start_date=20210303T200136, end_date=20210303T200137
[2021-03-03 20:01:41,914] {local_task_job.py:102} INFO - Task exited with return code 0
