[2021-03-04 18:08:51,192] {taskinstance.py:670} INFO - Dependencies all met for <TaskInstance: clean_data.read_data_search_request 2021-03-04T18:08:36.087844+00:00 [queued]>
[2021-03-04 18:08:51,221] {taskinstance.py:670} INFO - Dependencies all met for <TaskInstance: clean_data.read_data_search_request 2021-03-04T18:08:36.087844+00:00 [queued]>
[2021-03-04 18:08:51,222] {taskinstance.py:880} INFO - 
--------------------------------------------------------------------------------
[2021-03-04 18:08:51,222] {taskinstance.py:881} INFO - Starting attempt 1 of 2
[2021-03-04 18:08:51,223] {taskinstance.py:882} INFO - 
--------------------------------------------------------------------------------
[2021-03-04 18:08:51,257] {taskinstance.py:901} INFO - Executing <Task(SqliteOperator): read_data_search_request> on 2021-03-04T18:08:36.087844+00:00
[2021-03-04 18:08:51,260] {standard_task_runner.py:54} INFO - Started process 670 to run task
[2021-03-04 18:08:51,293] {standard_task_runner.py:77} INFO - Running: ['airflow', 'run', 'clean_data', 'read_data_search_request', '2021-03-04T18:08:36.087844+00:00', '--job_id', '11', '--pool', 'default_pool', '--raw', '-sd', 'DAGS_FOLDER/data_clean.py', '--cfg_path', '/tmp/tmp5c_1su3c']
[2021-03-04 18:08:51,296] {standard_task_runner.py:78} INFO - Job 11: Subtask read_data_search_request
[2021-03-04 18:08:51,363] {logging_mixin.py:112} INFO - Running %s on host %s <TaskInstance: clean_data.read_data_search_request 2021-03-04T18:08:36.087844+00:00 [running]> 6623e80cd770
[2021-03-04 18:08:51,389] {sqlite_operator.py:52} INFO - Executing: 
        select count(*)
        from search_request
    
[2021-03-04 18:08:51,402] {base_hook.py:89} INFO - Using connection to: id: sqlite_db. Host: /data/airflow.db, Port: None, Schema: None, Login: None, Password: None, extra: None
[2021-03-04 18:08:51,405] {dbapi_hook.py:171} INFO - 
        select count(*)
        from search_request
     with parameters []
[2021-03-04 18:08:51,434] {taskinstance.py:1070} INFO - Marking task as SUCCESS.dag_id=clean_data, task_id=read_data_search_request, execution_date=20210304T180836, start_date=20210304T180851, end_date=20210304T180851
[2021-03-04 18:08:56,173] {local_task_job.py:102} INFO - Task exited with return code 0
