[2021-03-04 20:22:18,527] {taskinstance.py:670} INFO - Dependencies all met for <TaskInstance: clean_data.clean_data_search_result_interaction 2021-03-04T20:16:28.509148+00:00 [queued]>
[2021-03-04 20:22:18,555] {taskinstance.py:670} INFO - Dependencies all met for <TaskInstance: clean_data.clean_data_search_result_interaction 2021-03-04T20:16:28.509148+00:00 [queued]>
[2021-03-04 20:22:18,556] {taskinstance.py:880} INFO - 
--------------------------------------------------------------------------------
[2021-03-04 20:22:18,556] {taskinstance.py:881} INFO - Starting attempt 2 of 2
[2021-03-04 20:22:18,557] {taskinstance.py:882} INFO - 
--------------------------------------------------------------------------------
[2021-03-04 20:22:18,590] {taskinstance.py:901} INFO - Executing <Task(PythonOperator): clean_data_search_result_interaction> on 2021-03-04T20:16:28.509148+00:00
[2021-03-04 20:22:18,594] {standard_task_runner.py:54} INFO - Started process 4730 to run task
[2021-03-04 20:22:18,621] {standard_task_runner.py:77} INFO - Running: ['airflow', 'run', 'clean_data', 'clean_data_search_result_interaction', '2021-03-04T20:16:28.509148+00:00', '--job_id', '40', '--pool', 'default_pool', '--raw', '-sd', 'DAGS_FOLDER/data_clean.py', '--cfg_path', '/tmp/tmpwtnqi5ri']
[2021-03-04 20:22:18,624] {standard_task_runner.py:78} INFO - Job 40: Subtask clean_data_search_result_interaction
[2021-03-04 20:22:18,681] {logging_mixin.py:112} INFO - Running %s on host %s <TaskInstance: clean_data.clean_data_search_result_interaction 2021-03-04T20:16:28.509148+00:00 [running]> 6623e80cd770
[2021-03-04 20:22:18,747] {logging_mixin.py:112} WARNING - /opt/airflow/dags/data_clean.py:120: SettingWithCopyWarning: 
A value is trying to be set on a copy of a slice from a DataFrame

See the caveats in the documentation: https://pandas.pydata.org/pandas-docs/stable/user_guide/indexing.html#returning-a-view-versus-a-copy
  df['ts'][count] = cleaned
[2021-03-04 20:22:18,748] {taskinstance.py:1150} ERROR - name 'search_request' is not defined
Traceback (most recent call last):
  File "/home/airflow/.local/lib/python3.6/site-packages/airflow/models/taskinstance.py", line 984, in _run_raw_task
    result = task_copy.execute(context=context)
  File "/home/airflow/.local/lib/python3.6/site-packages/airflow/operators/python_operator.py", line 113, in execute
    return_value = self.execute_callable()
  File "/home/airflow/.local/lib/python3.6/site-packages/airflow/operators/python_operator.py", line 118, in execute_callable
    return self.python_callable(*self.op_args, **self.op_kwargs)
  File "/opt/airflow/dags/data_clean.py", line 121, in clean_data_df
    df['ts'] = pd.to_datetime(search_request['ts'], utc=True)
NameError: name 'search_request' is not defined
[2021-03-04 20:22:18,750] {taskinstance.py:1194} INFO - Marking task as FAILED. dag_id=clean_data, task_id=clean_data_search_result_interaction, execution_date=20210304T201628, start_date=20210304T202218, end_date=20210304T202218
[2021-03-04 20:22:23,504] {local_task_job.py:102} INFO - Task exited with return code 1
