[2021-03-04 21:13:46,965] {taskinstance.py:670} INFO - Dependencies all met for <TaskInstance: clean_data.clean_data_search_result_interaction 2021-03-04T21:07:26.948897+00:00 [queued]>
[2021-03-04 21:13:46,991] {taskinstance.py:670} INFO - Dependencies all met for <TaskInstance: clean_data.clean_data_search_result_interaction 2021-03-04T21:07:26.948897+00:00 [queued]>
[2021-03-04 21:13:46,992] {taskinstance.py:880} INFO - 
--------------------------------------------------------------------------------
[2021-03-04 21:13:46,992] {taskinstance.py:881} INFO - Starting attempt 2 of 2
[2021-03-04 21:13:46,992] {taskinstance.py:882} INFO - 
--------------------------------------------------------------------------------
[2021-03-04 21:13:47,023] {taskinstance.py:901} INFO - Executing <Task(PythonOperator): clean_data_search_result_interaction> on 2021-03-04T21:07:26.948897+00:00
[2021-03-04 21:13:47,026] {standard_task_runner.py:54} INFO - Started process 6323 to run task
[2021-03-04 21:13:47,054] {standard_task_runner.py:77} INFO - Running: ['airflow', 'run', 'clean_data', 'clean_data_search_result_interaction', '2021-03-04T21:07:26.948897+00:00', '--job_id', '71', '--pool', 'default_pool', '--raw', '-sd', 'DAGS_FOLDER/data_clean.py', '--cfg_path', '/tmp/tmp5tiatifg']
[2021-03-04 21:13:47,057] {standard_task_runner.py:78} INFO - Job 71: Subtask clean_data_search_result_interaction
[2021-03-04 21:13:47,124] {logging_mixin.py:112} INFO - Running %s on host %s <TaskInstance: clean_data.clean_data_search_result_interaction 2021-03-04T21:07:26.948897+00:00 [running]> 6623e80cd770
[2021-03-04 21:13:47,151] {data_clean.py:114} INFO - ***** NOAH starting clean data search_result_interaction
[2021-03-04 21:13:47,171] {data_clean.py:122} INFO - ****** NOAH just dropped 1 columns from search_result_interaction
[2021-03-04 21:13:47,175] {logging_mixin.py:112} WARNING - /opt/airflow/dags/data_clean.py:130: SettingWithCopyWarning: 
A value is trying to be set on a copy of a slice from a DataFrame

See the caveats in the documentation: https://pandas.pydata.org/pandas-docs/stable/user_guide/indexing.html#returning-a-view-versus-a-copy
  df['ts'][count] = cleaned
[2021-03-04 21:13:47,201] {logging_mixin.py:112} WARNING - /home/airflow/.local/lib/python3.6/site-packages/pandas/core/indexing.py:670: SettingWithCopyWarning: 
A value is trying to be set on a copy of a slice from a DataFrame

See the caveats in the documentation: https://pandas.pydata.org/pandas-docs/stable/user_guide/indexing.html#returning-a-view-versus-a-copy
  iloc._setitem_with_indexer(indexer, value)
[2021-03-04 21:14:15,847] {data_clean.py:132} INFO - ****** NOAH(2225, 4)
[2021-03-04 21:14:15,971] {python_operator.py:114} INFO - Done. Returned value was: None
[2021-03-04 21:14:15,983] {taskinstance.py:1070} INFO - Marking task as SUCCESS.dag_id=clean_data, task_id=clean_data_search_result_interaction, execution_date=20210304T210726, start_date=20210304T211346, end_date=20210304T211415
[2021-03-04 21:14:16,963] {local_task_job.py:102} INFO - Task exited with return code 0
