[2021-03-04 21:14:45,474] {taskinstance.py:670} INFO - Dependencies all met for <TaskInstance: clean_data.read_data_search_request 2021-03-04T21:14:30.502305+00:00 [queued]>
[2021-03-04 21:14:45,507] {taskinstance.py:670} INFO - Dependencies all met for <TaskInstance: clean_data.read_data_search_request 2021-03-04T21:14:30.502305+00:00 [queued]>
[2021-03-04 21:14:45,508] {taskinstance.py:880} INFO - 
--------------------------------------------------------------------------------
[2021-03-04 21:14:45,508] {taskinstance.py:881} INFO - Starting attempt 1 of 2
[2021-03-04 21:14:45,509] {taskinstance.py:882} INFO - 
--------------------------------------------------------------------------------
[2021-03-04 21:14:45,557] {taskinstance.py:901} INFO - Executing <Task(SqliteOperator): read_data_search_request> on 2021-03-04T21:14:30.502305+00:00
[2021-03-04 21:14:45,562] {standard_task_runner.py:54} INFO - Started process 6345 to run task
[2021-03-04 21:14:45,590] {standard_task_runner.py:77} INFO - Running: ['airflow', 'run', 'clean_data', 'read_data_search_request', '2021-03-04T21:14:30.502305+00:00', '--job_id', '73', '--pool', 'default_pool', '--raw', '-sd', 'DAGS_FOLDER/data_clean.py', '--cfg_path', '/tmp/tmpk2y2akfu']
[2021-03-04 21:14:45,594] {standard_task_runner.py:78} INFO - Job 73: Subtask read_data_search_request
[2021-03-04 21:14:45,668] {logging_mixin.py:112} INFO - Running %s on host %s <TaskInstance: clean_data.read_data_search_request 2021-03-04T21:14:30.502305+00:00 [running]> 6623e80cd770
[2021-03-04 21:14:45,703] {sqlite_operator.py:52} INFO - Executing: 
        select count(*)
        from search_request
    
[2021-03-04 21:14:45,717] {base_hook.py:89} INFO - Using connection to: id: sqlite_db. Host: /data/airflow.db, Port: None, Schema: None, Login: None, Password: None, extra: None
[2021-03-04 21:14:45,720] {dbapi_hook.py:171} INFO - 
        select count(*)
        from search_request
     with parameters []
[2021-03-04 21:14:46,092] {taskinstance.py:1070} INFO - Marking task as SUCCESS.dag_id=clean_data, task_id=read_data_search_request, execution_date=20210304T211430, start_date=20210304T211445, end_date=20210304T211446
[2021-03-04 21:14:50,456] {local_task_job.py:102} INFO - Task exited with return code 0
