[2021-03-04 21:44:47,699] {taskinstance.py:670} INFO - Dependencies all met for <TaskInstance: clean_data.clean_data_search_result_interaction 2021-03-04T21:44:31.403251+00:00 [queued]>
[2021-03-04 21:44:47,724] {taskinstance.py:670} INFO - Dependencies all met for <TaskInstance: clean_data.clean_data_search_result_interaction 2021-03-04T21:44:31.403251+00:00 [queued]>
[2021-03-04 21:44:47,724] {taskinstance.py:880} INFO - 
--------------------------------------------------------------------------------
[2021-03-04 21:44:47,725] {taskinstance.py:881} INFO - Starting attempt 1 of 2
[2021-03-04 21:44:47,725] {taskinstance.py:882} INFO - 
--------------------------------------------------------------------------------
[2021-03-04 21:44:47,750] {taskinstance.py:901} INFO - Executing <Task(PythonOperator): clean_data_search_result_interaction> on 2021-03-04T21:44:31.403251+00:00
[2021-03-04 21:44:47,754] {standard_task_runner.py:54} INFO - Started process 7180 to run task
[2021-03-04 21:44:47,779] {standard_task_runner.py:77} INFO - Running: ['airflow', 'run', 'clean_data', 'clean_data_search_result_interaction', '2021-03-04T21:44:31.403251+00:00', '--job_id', '96', '--pool', 'default_pool', '--raw', '-sd', 'DAGS_FOLDER/data_clean.py', '--cfg_path', '/tmp/tmpkw7eev2o']
[2021-03-04 21:44:47,782] {standard_task_runner.py:78} INFO - Job 96: Subtask clean_data_search_result_interaction
[2021-03-04 21:44:47,848] {logging_mixin.py:112} INFO - Running %s on host %s <TaskInstance: clean_data.clean_data_search_result_interaction 2021-03-04T21:44:31.403251+00:00 [running]> 6623e80cd770
[2021-03-04 21:44:47,886] {data_clean.py:114} INFO - ***** NOAH starting clean data search_result_interaction
[2021-03-04 21:44:47,939] {data_clean.py:122} INFO - ****** NOAH just dropped 1 columns from search_result_interaction
[2021-03-04 21:44:47,944] {logging_mixin.py:112} WARNING - /opt/airflow/dags/data_clean.py:130: SettingWithCopyWarning: 
A value is trying to be set on a copy of a slice from a DataFrame

See the caveats in the documentation: https://pandas.pydata.org/pandas-docs/stable/user_guide/indexing.html#returning-a-view-versus-a-copy
  df['ts'][count] = cleaned
[2021-03-04 21:44:47,969] {logging_mixin.py:112} WARNING - /home/airflow/.local/lib/python3.6/site-packages/pandas/core/indexing.py:670: SettingWithCopyWarning: 
A value is trying to be set on a copy of a slice from a DataFrame

See the caveats in the documentation: https://pandas.pydata.org/pandas-docs/stable/user_guide/indexing.html#returning-a-view-versus-a-copy
  iloc._setitem_with_indexer(indexer, value)
[2021-03-04 21:45:17,386] {data_clean.py:132} INFO - ****** NOAH finished cleaning timestamp
[2021-03-04 21:45:17,525] {python_operator.py:114} INFO - Done. Returned value was: None
[2021-03-04 21:45:17,539] {taskinstance.py:1070} INFO - Marking task as SUCCESS.dag_id=clean_data, task_id=clean_data_search_result_interaction, execution_date=20210304T214431, start_date=20210304T214447, end_date=20210304T214517
[2021-03-04 21:45:17,777] {local_task_job.py:102} INFO - Task exited with return code 0
