[2021-03-05 01:36:23,662] {taskinstance.py:670} INFO - Dependencies all met for <TaskInstance: clean_data.clean_data_search_request 2021-03-05T01:35:21.765790+00:00 [queued]>
[2021-03-05 01:36:23,694] {taskinstance.py:670} INFO - Dependencies all met for <TaskInstance: clean_data.clean_data_search_request 2021-03-05T01:35:21.765790+00:00 [queued]>
[2021-03-05 01:36:23,694] {taskinstance.py:880} INFO - 
--------------------------------------------------------------------------------
[2021-03-05 01:36:23,695] {taskinstance.py:881} INFO - Starting attempt 1 of 2
[2021-03-05 01:36:23,695] {taskinstance.py:882} INFO - 
--------------------------------------------------------------------------------
[2021-03-05 01:36:23,726] {taskinstance.py:901} INFO - Executing <Task(PythonOperator): clean_data_search_request> on 2021-03-05T01:35:21.765790+00:00
[2021-03-05 01:36:23,729] {standard_task_runner.py:54} INFO - Started process 1829 to run task
[2021-03-05 01:36:23,753] {standard_task_runner.py:77} INFO - Running: ['airflow', 'run', 'clean_data', 'clean_data_search_request', '2021-03-05T01:35:21.765790+00:00', '--job_id', '46', '--pool', 'default_pool', '--raw', '-sd', 'DAGS_FOLDER/data_clean.py', '--cfg_path', '/tmp/tmp6mbw47f5']
[2021-03-05 01:36:23,756] {standard_task_runner.py:78} INFO - Job 46: Subtask clean_data_search_request
[2021-03-05 01:36:23,813] {logging_mixin.py:112} INFO - Running %s on host %s <TaskInstance: clean_data.clean_data_search_request 2021-03-05T01:35:21.765790+00:00 [running]> 6623e80cd770
[2021-03-05 01:36:23,841] {data_clean.py:114} INFO - ***** NOAH starting clean data search_request
[2021-03-05 01:36:23,861] {data_clean.py:122} INFO - ****** NOAH just dropped 1 columns from search_request
[2021-03-05 01:36:23,865] {logging_mixin.py:112} WARNING - /opt/airflow/dags/data_clean.py:130: SettingWithCopyWarning: 
A value is trying to be set on a copy of a slice from a DataFrame

See the caveats in the documentation: https://pandas.pydata.org/pandas-docs/stable/user_guide/indexing.html#returning-a-view-versus-a-copy
  df['ts'][count] = cleaned
[2021-03-05 01:36:23,892] {logging_mixin.py:112} WARNING - /home/airflow/.local/lib/python3.6/site-packages/pandas/core/indexing.py:670: SettingWithCopyWarning: 
A value is trying to be set on a copy of a slice from a DataFrame

See the caveats in the documentation: https://pandas.pydata.org/pandas-docs/stable/user_guide/indexing.html#returning-a-view-versus-a-copy
  iloc._setitem_with_indexer(indexer, value)
[2021-03-05 01:36:52,578] {data_clean.py:132} INFO - ****** NOAH finished cleaning timestamp
[2021-03-05 01:36:52,731] {python_operator.py:114} INFO - Done. Returned value was: None
[2021-03-05 01:36:52,743] {taskinstance.py:1070} INFO - Marking task as SUCCESS.dag_id=clean_data, task_id=clean_data_search_request, execution_date=20210305T013521, start_date=20210305T013623, end_date=20210305T013652
[2021-03-05 01:36:53,659] {local_task_job.py:102} INFO - Task exited with return code 0
