[2021-03-03 20:01:44,272] {taskinstance.py:670} INFO - Dependencies all met for <TaskInstance: clean_data.read_data_search_result_interaction 2021-03-03T20:01:19.438576+00:00 [queued]>
[2021-03-03 20:01:44,311] {taskinstance.py:670} INFO - Dependencies all met for <TaskInstance: clean_data.read_data_search_result_interaction 2021-03-03T20:01:19.438576+00:00 [queued]>
[2021-03-03 20:01:44,311] {taskinstance.py:880} INFO - 
--------------------------------------------------------------------------------
[2021-03-03 20:01:44,312] {taskinstance.py:881} INFO - Starting attempt 1 of 2
[2021-03-03 20:01:44,312] {taskinstance.py:882} INFO - 
--------------------------------------------------------------------------------
[2021-03-03 20:01:44,471] {taskinstance.py:901} INFO - Executing <Task(SqliteOperator): read_data_search_result_interaction> on 2021-03-03T20:01:19.438576+00:00
[2021-03-03 20:01:44,476] {standard_task_runner.py:54} INFO - Started process 90 to run task
[2021-03-03 20:01:44,518] {standard_task_runner.py:77} INFO - Running: ['airflow', 'run', 'clean_data', 'read_data_search_result_interaction', '2021-03-03T20:01:19.438576+00:00', '--job_id', '6', '--pool', 'default_pool', '--raw', '-sd', 'DAGS_FOLDER/data_clean.py', '--cfg_path', '/tmp/tmppc0hwgbj']
[2021-03-03 20:01:44,522] {standard_task_runner.py:78} INFO - Job 6: Subtask read_data_search_result_interaction
[2021-03-03 20:01:44,599] {logging_mixin.py:112} INFO - Running %s on host %s <TaskInstance: clean_data.read_data_search_result_interaction 2021-03-03T20:01:19.438576+00:00 [running]> 6623e80cd770
[2021-03-03 20:01:44,637] {sqlite_operator.py:52} INFO - Executing: 
        select count(*)
        from search_result_interaction
    
[2021-03-03 20:01:44,649] {base_hook.py:89} INFO - Using connection to: id: sqlite_db. Host: /data/airflow.db, Port: None, Schema: None, Login: None, Password: None, extra: None
[2021-03-03 20:01:44,652] {dbapi_hook.py:171} INFO - 
        select count(*)
        from search_result_interaction
     with parameters []
[2021-03-03 20:01:44,667] {taskinstance.py:1070} INFO - Marking task as SUCCESS.dag_id=clean_data, task_id=read_data_search_result_interaction, execution_date=20210303T200119, start_date=20210303T200144, end_date=20210303T200144
[2021-03-03 20:01:49,246] {local_task_job.py:102} INFO - Task exited with return code 0
