[2021-03-04 19:21:59,639] {taskinstance.py:670} INFO - Dependencies all met for <TaskInstance: clean_data.read_data_search_result_interaction 2021-03-04T19:21:36.457454+00:00 [queued]>
[2021-03-04 19:21:59,673] {taskinstance.py:670} INFO - Dependencies all met for <TaskInstance: clean_data.read_data_search_result_interaction 2021-03-04T19:21:36.457454+00:00 [queued]>
[2021-03-04 19:21:59,673] {taskinstance.py:880} INFO - 
--------------------------------------------------------------------------------
[2021-03-04 19:21:59,673] {taskinstance.py:881} INFO - Starting attempt 1 of 2
[2021-03-04 19:21:59,674] {taskinstance.py:882} INFO - 
--------------------------------------------------------------------------------
[2021-03-04 19:21:59,704] {taskinstance.py:901} INFO - Executing <Task(SqliteOperator): read_data_search_result_interaction> on 2021-03-04T19:21:36.457454+00:00
[2021-03-04 19:21:59,707] {standard_task_runner.py:54} INFO - Started process 2876 to run task
[2021-03-04 19:21:59,735] {standard_task_runner.py:77} INFO - Running: ['airflow', 'run', 'clean_data', 'read_data_search_result_interaction', '2021-03-04T19:21:36.457454+00:00', '--job_id', '19', '--pool', 'default_pool', '--raw', '-sd', 'DAGS_FOLDER/data_clean.py', '--cfg_path', '/tmp/tmp1mjt7ier']
[2021-03-04 19:21:59,738] {standard_task_runner.py:78} INFO - Job 19: Subtask read_data_search_result_interaction
[2021-03-04 19:21:59,799] {logging_mixin.py:112} INFO - Running %s on host %s <TaskInstance: clean_data.read_data_search_result_interaction 2021-03-04T19:21:36.457454+00:00 [running]> 6623e80cd770
[2021-03-04 19:21:59,827] {sqlite_operator.py:52} INFO - Executing: 
        select count(*)
        from search_result_interaction
    
[2021-03-04 19:21:59,839] {base_hook.py:89} INFO - Using connection to: id: sqlite_db. Host: /data/airflow.db, Port: None, Schema: None, Login: None, Password: None, extra: None
[2021-03-04 19:21:59,842] {dbapi_hook.py:171} INFO - 
        select count(*)
        from search_result_interaction
     with parameters []
[2021-03-04 19:21:59,860] {taskinstance.py:1070} INFO - Marking task as SUCCESS.dag_id=clean_data, task_id=read_data_search_result_interaction, execution_date=20210304T192136, start_date=20210304T192159, end_date=20210304T192159
[2021-03-04 19:22:04,617] {local_task_job.py:102} INFO - Task exited with return code 0
