[2021-03-04 20:04:41,200] {taskinstance.py:670} INFO - Dependencies all met for <TaskInstance: clean_data.read_data_search_result_interaction 2021-03-04T20:04:18.948253+00:00 [queued]>
[2021-03-04 20:04:41,232] {taskinstance.py:670} INFO - Dependencies all met for <TaskInstance: clean_data.read_data_search_result_interaction 2021-03-04T20:04:18.948253+00:00 [queued]>
[2021-03-04 20:04:41,233] {taskinstance.py:880} INFO - 
--------------------------------------------------------------------------------
[2021-03-04 20:04:41,233] {taskinstance.py:881} INFO - Starting attempt 1 of 2
[2021-03-04 20:04:41,234] {taskinstance.py:882} INFO - 
--------------------------------------------------------------------------------
[2021-03-04 20:04:41,261] {taskinstance.py:901} INFO - Executing <Task(SqliteOperator): read_data_search_result_interaction> on 2021-03-04T20:04:18.948253+00:00
[2021-03-04 20:04:41,263] {standard_task_runner.py:54} INFO - Started process 4177 to run task
[2021-03-04 20:04:41,288] {standard_task_runner.py:77} INFO - Running: ['airflow', 'run', 'clean_data', 'read_data_search_result_interaction', '2021-03-04T20:04:18.948253+00:00', '--job_id', '29', '--pool', 'default_pool', '--raw', '-sd', 'DAGS_FOLDER/data_clean.py', '--cfg_path', '/tmp/tmpsjhezg95']
[2021-03-04 20:04:41,291] {standard_task_runner.py:78} INFO - Job 29: Subtask read_data_search_result_interaction
[2021-03-04 20:04:41,352] {logging_mixin.py:112} INFO - Running %s on host %s <TaskInstance: clean_data.read_data_search_result_interaction 2021-03-04T20:04:18.948253+00:00 [running]> 6623e80cd770
[2021-03-04 20:04:41,380] {sqlite_operator.py:52} INFO - Executing: 
        select count(*)
        from search_result_interaction
    
[2021-03-04 20:04:41,395] {base_hook.py:89} INFO - Using connection to: id: sqlite_db. Host: /data/airflow.db, Port: None, Schema: None, Login: None, Password: None, extra: None
[2021-03-04 20:04:41,398] {dbapi_hook.py:171} INFO - 
        select count(*)
        from search_result_interaction
     with parameters []
[2021-03-04 20:04:41,413] {taskinstance.py:1070} INFO - Marking task as SUCCESS.dag_id=clean_data, task_id=read_data_search_result_interaction, execution_date=20210304T200418, start_date=20210304T200441, end_date=20210304T200441
[2021-03-04 20:04:46,184] {local_task_job.py:102} INFO - Task exited with return code 0
