[2021-03-04 22:51:24,334] {taskinstance.py:670} INFO - Dependencies all met for <TaskInstance: clean_data.clean_data_search_result_interaction 2021-03-04T22:51:08.529824+00:00 [queued]>
[2021-03-04 22:51:24,364] {taskinstance.py:670} INFO - Dependencies all met for <TaskInstance: clean_data.clean_data_search_result_interaction 2021-03-04T22:51:08.529824+00:00 [queued]>
[2021-03-04 22:51:24,364] {taskinstance.py:880} INFO - 
--------------------------------------------------------------------------------
[2021-03-04 22:51:24,365] {taskinstance.py:881} INFO - Starting attempt 1 of 2
[2021-03-04 22:51:24,365] {taskinstance.py:882} INFO - 
--------------------------------------------------------------------------------
[2021-03-04 22:51:24,392] {taskinstance.py:901} INFO - Executing <Task(PythonOperator): clean_data_search_result_interaction> on 2021-03-04T22:51:08.529824+00:00
[2021-03-04 22:51:24,395] {standard_task_runner.py:54} INFO - Started process 529 to run task
[2021-03-04 22:51:24,427] {standard_task_runner.py:77} INFO - Running: ['airflow', 'run', 'clean_data', 'clean_data_search_result_interaction', '2021-03-04T22:51:08.529824+00:00', '--job_id', '37', '--pool', 'default_pool', '--raw', '-sd', 'DAGS_FOLDER/data_clean.py', '--cfg_path', '/tmp/tmp9yg82zib']
[2021-03-04 22:51:24,430] {standard_task_runner.py:78} INFO - Job 37: Subtask clean_data_search_result_interaction
[2021-03-04 22:51:24,474] {logging_mixin.py:112} INFO - Running %s on host %s <TaskInstance: clean_data.clean_data_search_result_interaction 2021-03-04T22:51:08.529824+00:00 [running]> 6623e80cd770
[2021-03-04 22:51:24,497] {data_clean.py:114} INFO - ***** NOAH starting clean data search_result_interaction
[2021-03-04 22:51:24,517] {data_clean.py:122} INFO - ****** NOAH just dropped 1 columns from search_result_interaction
[2021-03-04 22:51:24,521] {logging_mixin.py:112} WARNING - /opt/airflow/dags/data_clean.py:130: SettingWithCopyWarning: 
A value is trying to be set on a copy of a slice from a DataFrame

See the caveats in the documentation: https://pandas.pydata.org/pandas-docs/stable/user_guide/indexing.html#returning-a-view-versus-a-copy
  df['ts'][count] = cleaned
[2021-03-04 22:51:24,545] {logging_mixin.py:112} WARNING - /home/airflow/.local/lib/python3.6/site-packages/pandas/core/indexing.py:670: SettingWithCopyWarning: 
A value is trying to be set on a copy of a slice from a DataFrame

See the caveats in the documentation: https://pandas.pydata.org/pandas-docs/stable/user_guide/indexing.html#returning-a-view-versus-a-copy
  iloc._setitem_with_indexer(indexer, value)
[2021-03-04 22:51:50,225] {data_clean.py:132} INFO - ****** NOAH finished cleaning timestamp
[2021-03-04 22:51:50,355] {python_operator.py:114} INFO - Done. Returned value was: None
[2021-03-04 22:51:50,366] {taskinstance.py:1070} INFO - Marking task as SUCCESS.dag_id=clean_data, task_id=clean_data_search_result_interaction, execution_date=20210304T225108, start_date=20210304T225124, end_date=20210304T225150
[2021-03-04 22:51:54,381] {local_task_job.py:102} INFO - Task exited with return code 0
