[2021-03-04 19:22:14,313] {taskinstance.py:670} INFO - Dependencies all met for <TaskInstance: clean_data.clean_data_search_result_interaction 2021-03-04T19:21:36.457454+00:00 [queued]>
[2021-03-04 19:22:14,343] {taskinstance.py:670} INFO - Dependencies all met for <TaskInstance: clean_data.clean_data_search_result_interaction 2021-03-04T19:21:36.457454+00:00 [queued]>
[2021-03-04 19:22:14,344] {taskinstance.py:880} INFO - 
--------------------------------------------------------------------------------
[2021-03-04 19:22:14,344] {taskinstance.py:881} INFO - Starting attempt 1 of 2
[2021-03-04 19:22:14,344] {taskinstance.py:882} INFO - 
--------------------------------------------------------------------------------
[2021-03-04 19:22:14,452] {taskinstance.py:901} INFO - Executing <Task(PythonOperator): clean_data_search_result_interaction> on 2021-03-04T19:21:36.457454+00:00
[2021-03-04 19:22:14,455] {standard_task_runner.py:54} INFO - Started process 2888 to run task
[2021-03-04 19:22:14,486] {standard_task_runner.py:77} INFO - Running: ['airflow', 'run', 'clean_data', 'clean_data_search_result_interaction', '2021-03-04T19:21:36.457454+00:00', '--job_id', '21', '--pool', 'default_pool', '--raw', '-sd', 'DAGS_FOLDER/data_clean.py', '--cfg_path', '/tmp/tmpjfeygtaz']
[2021-03-04 19:22:14,489] {standard_task_runner.py:78} INFO - Job 21: Subtask clean_data_search_result_interaction
[2021-03-04 19:22:14,557] {logging_mixin.py:112} INFO - Running %s on host %s <TaskInstance: clean_data.clean_data_search_result_interaction 2021-03-04T19:21:36.457454+00:00 [running]> 6623e80cd770
[2021-03-04 19:22:14,622] {logging_mixin.py:112} WARNING - /opt/airflow/dags/data_clean.py:120: SettingWithCopyWarning: 
A value is trying to be set on a copy of a slice from a DataFrame

See the caveats in the documentation: https://pandas.pydata.org/pandas-docs/stable/user_guide/indexing.html#returning-a-view-versus-a-copy
  df['ts'][count] = cleaned
[2021-03-04 19:22:14,623] {taskinstance.py:1150} ERROR - name 'search_request' is not defined
Traceback (most recent call last):
  File "/home/airflow/.local/lib/python3.6/site-packages/airflow/models/taskinstance.py", line 984, in _run_raw_task
    result = task_copy.execute(context=context)
  File "/home/airflow/.local/lib/python3.6/site-packages/airflow/operators/python_operator.py", line 113, in execute
    return_value = self.execute_callable()
  File "/home/airflow/.local/lib/python3.6/site-packages/airflow/operators/python_operator.py", line 118, in execute_callable
    return self.python_callable(*self.op_args, **self.op_kwargs)
  File "/opt/airflow/dags/data_clean.py", line 121, in clean_data_df
    df['ts'] = pd.to_datetime(search_request['ts'], utc=True)
NameError: name 'search_request' is not defined
[2021-03-04 19:22:14,625] {taskinstance.py:1194} INFO - Marking task as UP_FOR_RETRY. dag_id=clean_data, task_id=clean_data_search_result_interaction, execution_date=20210304T192136, start_date=20210304T192214, end_date=20210304T192214
[2021-03-04 19:22:19,288] {local_task_job.py:102} INFO - Task exited with return code 1
