[2021-03-04 21:36:00,709] {taskinstance.py:670} INFO - Dependencies all met for <TaskInstance: clean_data.read_data_search_request 2021-03-04T21:35:12.457746+00:00 [queued]>
[2021-03-04 21:36:00,752] {taskinstance.py:670} INFO - Dependencies all met for <TaskInstance: clean_data.read_data_search_request 2021-03-04T21:35:12.457746+00:00 [queued]>
[2021-03-04 21:36:00,753] {taskinstance.py:880} INFO - 
--------------------------------------------------------------------------------
[2021-03-04 21:36:00,753] {taskinstance.py:881} INFO - Starting attempt 1 of 2
[2021-03-04 21:36:00,754] {taskinstance.py:882} INFO - 
--------------------------------------------------------------------------------
[2021-03-04 21:36:00,786] {taskinstance.py:901} INFO - Executing <Task(SqliteOperator): read_data_search_request> on 2021-03-04T21:35:12.457746+00:00
[2021-03-04 21:36:00,789] {standard_task_runner.py:54} INFO - Started process 6920 to run task
[2021-03-04 21:36:00,814] {standard_task_runner.py:77} INFO - Running: ['airflow', 'run', 'clean_data', 'read_data_search_request', '2021-03-04T21:35:12.457746+00:00', '--job_id', '91', '--pool', 'default_pool', '--raw', '-sd', 'DAGS_FOLDER/data_clean.py', '--cfg_path', '/tmp/tmpqwix0ij0']
[2021-03-04 21:36:00,817] {standard_task_runner.py:78} INFO - Job 91: Subtask read_data_search_request
[2021-03-04 21:36:00,875] {logging_mixin.py:112} INFO - Running %s on host %s <TaskInstance: clean_data.read_data_search_request 2021-03-04T21:35:12.457746+00:00 [running]> 6623e80cd770
[2021-03-04 21:36:00,913] {sqlite_operator.py:52} INFO - Executing: 
        select count(*)
        from search_request
    
[2021-03-04 21:36:00,933] {base_hook.py:89} INFO - Using connection to: id: sqlite_db. Host: /data/airflow.db, Port: None, Schema: None, Login: None, Password: None, extra: None
[2021-03-04 21:36:00,936] {dbapi_hook.py:171} INFO - 
        select count(*)
        from search_request
     with parameters []
[2021-03-04 21:36:00,960] {taskinstance.py:1070} INFO - Marking task as SUCCESS.dag_id=clean_data, task_id=read_data_search_request, execution_date=20210304T213512, start_date=20210304T213600, end_date=20210304T213600
[2021-03-04 21:36:05,661] {local_task_job.py:102} INFO - Task exited with return code 0
