[2021-03-04 21:10:38,875] {taskinstance.py:670} INFO - Dependencies all met for <TaskInstance: clean_data.read_data_search_result_interaction 2021-03-04T21:10:15.391153+00:00 [queued]>
[2021-03-04 21:10:38,906] {taskinstance.py:670} INFO - Dependencies all met for <TaskInstance: clean_data.read_data_search_result_interaction 2021-03-04T21:10:15.391153+00:00 [queued]>
[2021-03-04 21:10:38,907] {taskinstance.py:880} INFO - 
--------------------------------------------------------------------------------
[2021-03-04 21:10:38,908] {taskinstance.py:881} INFO - Starting attempt 1 of 2
[2021-03-04 21:10:38,908] {taskinstance.py:882} INFO - 
--------------------------------------------------------------------------------
[2021-03-04 21:10:38,943] {taskinstance.py:901} INFO - Executing <Task(SqliteOperator): read_data_search_result_interaction> on 2021-03-04T21:10:15.391153+00:00
[2021-03-04 21:10:38,945] {standard_task_runner.py:54} INFO - Started process 6235 to run task
[2021-03-04 21:10:38,972] {standard_task_runner.py:77} INFO - Running: ['airflow', 'run', 'clean_data', 'read_data_search_result_interaction', '2021-03-04T21:10:15.391153+00:00', '--job_id', '67', '--pool', 'default_pool', '--raw', '-sd', 'DAGS_FOLDER/data_clean.py', '--cfg_path', '/tmp/tmpf8jvu2yv']
[2021-03-04 21:10:38,976] {standard_task_runner.py:78} INFO - Job 67: Subtask read_data_search_result_interaction
[2021-03-04 21:10:39,046] {logging_mixin.py:112} INFO - Running %s on host %s <TaskInstance: clean_data.read_data_search_result_interaction 2021-03-04T21:10:15.391153+00:00 [running]> 6623e80cd770
[2021-03-04 21:10:39,101] {sqlite_operator.py:52} INFO - Executing: 
        select count(*)
        from search_result_interaction
    
[2021-03-04 21:10:39,135] {base_hook.py:89} INFO - Using connection to: id: sqlite_db. Host: /data/airflow.db, Port: None, Schema: None, Login: None, Password: None, extra: None
[2021-03-04 21:10:39,141] {dbapi_hook.py:171} INFO - 
        select count(*)
        from search_result_interaction
     with parameters []
[2021-03-04 21:10:39,180] {taskinstance.py:1070} INFO - Marking task as SUCCESS.dag_id=clean_data, task_id=read_data_search_result_interaction, execution_date=20210304T211015, start_date=20210304T211038, end_date=20210304T211039
[2021-03-04 21:10:43,795] {local_task_job.py:102} INFO - Task exited with return code 0
