[2021-03-04 21:07:51,783] {taskinstance.py:670} INFO - Dependencies all met for <TaskInstance: clean_data.read_data_search_result_interaction 2021-03-04T21:07:26.948897+00:00 [queued]>
[2021-03-04 21:07:51,861] {taskinstance.py:670} INFO - Dependencies all met for <TaskInstance: clean_data.read_data_search_result_interaction 2021-03-04T21:07:26.948897+00:00 [queued]>
[2021-03-04 21:07:51,863] {taskinstance.py:880} INFO - 
--------------------------------------------------------------------------------
[2021-03-04 21:07:51,864] {taskinstance.py:881} INFO - Starting attempt 1 of 2
[2021-03-04 21:07:51,865] {taskinstance.py:882} INFO - 
--------------------------------------------------------------------------------
[2021-03-04 21:07:51,960] {taskinstance.py:901} INFO - Executing <Task(SqliteOperator): read_data_search_result_interaction> on 2021-03-04T21:07:26.948897+00:00
[2021-03-04 21:07:51,965] {standard_task_runner.py:54} INFO - Started process 6141 to run task
[2021-03-04 21:07:52,013] {standard_task_runner.py:77} INFO - Running: ['airflow', 'run', 'clean_data', 'read_data_search_result_interaction', '2021-03-04T21:07:26.948897+00:00', '--job_id', '62', '--pool', 'default_pool', '--raw', '-sd', 'DAGS_FOLDER/data_clean.py', '--cfg_path', '/tmp/tmpwpfmkg80']
[2021-03-04 21:07:52,019] {standard_task_runner.py:78} INFO - Job 62: Subtask read_data_search_result_interaction
[2021-03-04 21:07:52,163] {logging_mixin.py:112} INFO - Running %s on host %s <TaskInstance: clean_data.read_data_search_result_interaction 2021-03-04T21:07:26.948897+00:00 [running]> 6623e80cd770
[2021-03-04 21:07:52,249] {sqlite_operator.py:52} INFO - Executing: 
        select count(*)
        from search_result_interaction
    
[2021-03-04 21:07:52,274] {base_hook.py:89} INFO - Using connection to: id: sqlite_db. Host: /data/airflow.db, Port: None, Schema: None, Login: None, Password: None, extra: None
[2021-03-04 21:07:52,283] {dbapi_hook.py:171} INFO - 
        select count(*)
        from search_result_interaction
     with parameters []
[2021-03-04 21:07:52,392] {taskinstance.py:1070} INFO - Marking task as SUCCESS.dag_id=clean_data, task_id=read_data_search_result_interaction, execution_date=20210304T210726, start_date=20210304T210751, end_date=20210304T210752
[2021-03-04 21:07:56,687] {local_task_job.py:102} INFO - Task exited with return code 0
