[2021-03-04 21:16:30,777] {taskinstance.py:670} INFO - Dependencies all met for <TaskInstance: clean_data.read_data_search_request 2021-03-04T21:16:01.825914+00:00 [queued]>
[2021-03-04 21:16:30,803] {taskinstance.py:670} INFO - Dependencies all met for <TaskInstance: clean_data.read_data_search_request 2021-03-04T21:16:01.825914+00:00 [queued]>
[2021-03-04 21:16:30,804] {taskinstance.py:880} INFO - 
--------------------------------------------------------------------------------
[2021-03-04 21:16:30,804] {taskinstance.py:881} INFO - Starting attempt 1 of 2
[2021-03-04 21:16:30,804] {taskinstance.py:882} INFO - 
--------------------------------------------------------------------------------
[2021-03-04 21:16:30,831] {taskinstance.py:901} INFO - Executing <Task(SqliteOperator): read_data_search_request> on 2021-03-04T21:16:01.825914+00:00
[2021-03-04 21:16:30,834] {standard_task_runner.py:54} INFO - Started process 6379 to run task
[2021-03-04 21:16:30,862] {standard_task_runner.py:77} INFO - Running: ['airflow', 'run', 'clean_data', 'read_data_search_request', '2021-03-04T21:16:01.825914+00:00', '--job_id', '78', '--pool', 'default_pool', '--raw', '-sd', 'DAGS_FOLDER/data_clean.py', '--cfg_path', '/tmp/tmpsjezpmy_']
[2021-03-04 21:16:30,865] {standard_task_runner.py:78} INFO - Job 78: Subtask read_data_search_request
[2021-03-04 21:16:30,930] {logging_mixin.py:112} INFO - Running %s on host %s <TaskInstance: clean_data.read_data_search_request 2021-03-04T21:16:01.825914+00:00 [running]> 6623e80cd770
[2021-03-04 21:16:30,960] {sqlite_operator.py:52} INFO - Executing: 
        select count(*)
        from search_request
    
[2021-03-04 21:16:30,973] {base_hook.py:89} INFO - Using connection to: id: sqlite_db. Host: /data/airflow.db, Port: None, Schema: None, Login: None, Password: None, extra: None
[2021-03-04 21:16:30,977] {dbapi_hook.py:171} INFO - 
        select count(*)
        from search_request
     with parameters []
[2021-03-04 21:16:30,995] {taskinstance.py:1070} INFO - Marking task as SUCCESS.dag_id=clean_data, task_id=read_data_search_request, execution_date=20210304T211601, start_date=20210304T211630, end_date=20210304T211630
[2021-03-04 21:16:35,758] {local_task_job.py:102} INFO - Task exited with return code 0
