[2021-03-04 20:16:45,018] {taskinstance.py:670} INFO - Dependencies all met for <TaskInstance: clean_data.read_data_search_request 2021-03-04T20:16:28.509148+00:00 [queued]>
[2021-03-04 20:16:45,081] {taskinstance.py:670} INFO - Dependencies all met for <TaskInstance: clean_data.read_data_search_request 2021-03-04T20:16:28.509148+00:00 [queued]>
[2021-03-04 20:16:45,082] {taskinstance.py:880} INFO - 
--------------------------------------------------------------------------------
[2021-03-04 20:16:45,083] {taskinstance.py:881} INFO - Starting attempt 1 of 2
[2021-03-04 20:16:45,084] {taskinstance.py:882} INFO - 
--------------------------------------------------------------------------------
[2021-03-04 20:16:45,133] {taskinstance.py:901} INFO - Executing <Task(SqliteOperator): read_data_search_request> on 2021-03-04T20:16:28.509148+00:00
[2021-03-04 20:16:45,137] {standard_task_runner.py:54} INFO - Started process 4553 to run task
[2021-03-04 20:16:45,178] {standard_task_runner.py:77} INFO - Running: ['airflow', 'run', 'clean_data', 'read_data_search_request', '2021-03-04T20:16:28.509148+00:00', '--job_id', '35', '--pool', 'default_pool', '--raw', '-sd', 'DAGS_FOLDER/data_clean.py', '--cfg_path', '/tmp/tmp2lgnq6f9']
[2021-03-04 20:16:45,183] {standard_task_runner.py:78} INFO - Job 35: Subtask read_data_search_request
[2021-03-04 20:16:45,256] {logging_mixin.py:112} INFO - Running %s on host %s <TaskInstance: clean_data.read_data_search_request 2021-03-04T20:16:28.509148+00:00 [running]> 6623e80cd770
[2021-03-04 20:16:45,292] {sqlite_operator.py:52} INFO - Executing: 
        select count(*)
        from search_request
    
[2021-03-04 20:16:45,307] {base_hook.py:89} INFO - Using connection to: id: sqlite_db. Host: /data/airflow.db, Port: None, Schema: None, Login: None, Password: None, extra: None
[2021-03-04 20:16:45,310] {dbapi_hook.py:171} INFO - 
        select count(*)
        from search_request
     with parameters []
[2021-03-04 20:16:45,350] {taskinstance.py:1070} INFO - Marking task as SUCCESS.dag_id=clean_data, task_id=read_data_search_request, execution_date=20210304T201628, start_date=20210304T201645, end_date=20210304T201645
[2021-03-04 20:16:49,914] {local_task_job.py:102} INFO - Task exited with return code 0
