[2021-03-04 21:14:52,815] {taskinstance.py:670} INFO - Dependencies all met for <TaskInstance: clean_data.read_data_search_result_interaction 2021-03-04T21:14:30.502305+00:00 [queued]>
[2021-03-04 21:14:52,853] {taskinstance.py:670} INFO - Dependencies all met for <TaskInstance: clean_data.read_data_search_result_interaction 2021-03-04T21:14:30.502305+00:00 [queued]>
[2021-03-04 21:14:52,854] {taskinstance.py:880} INFO - 
--------------------------------------------------------------------------------
[2021-03-04 21:14:52,854] {taskinstance.py:881} INFO - Starting attempt 1 of 2
[2021-03-04 21:14:52,855] {taskinstance.py:882} INFO - 
--------------------------------------------------------------------------------
[2021-03-04 21:14:52,890] {taskinstance.py:901} INFO - Executing <Task(SqliteOperator): read_data_search_result_interaction> on 2021-03-04T21:14:30.502305+00:00
[2021-03-04 21:14:52,893] {standard_task_runner.py:54} INFO - Started process 6351 to run task
[2021-03-04 21:14:52,922] {standard_task_runner.py:77} INFO - Running: ['airflow', 'run', 'clean_data', 'read_data_search_result_interaction', '2021-03-04T21:14:30.502305+00:00', '--job_id', '74', '--pool', 'default_pool', '--raw', '-sd', 'DAGS_FOLDER/data_clean.py', '--cfg_path', '/tmp/tmpm3ixeiq9']
[2021-03-04 21:14:52,926] {standard_task_runner.py:78} INFO - Job 74: Subtask read_data_search_result_interaction
[2021-03-04 21:14:52,994] {logging_mixin.py:112} INFO - Running %s on host %s <TaskInstance: clean_data.read_data_search_result_interaction 2021-03-04T21:14:30.502305+00:00 [running]> 6623e80cd770
[2021-03-04 21:14:53,033] {sqlite_operator.py:52} INFO - Executing: 
        select count(*)
        from search_result_interaction
    
[2021-03-04 21:14:53,047] {base_hook.py:89} INFO - Using connection to: id: sqlite_db. Host: /data/airflow.db, Port: None, Schema: None, Login: None, Password: None, extra: None
[2021-03-04 21:14:53,050] {dbapi_hook.py:171} INFO - 
        select count(*)
        from search_result_interaction
     with parameters []
[2021-03-04 21:14:53,135] {taskinstance.py:1070} INFO - Marking task as SUCCESS.dag_id=clean_data, task_id=read_data_search_result_interaction, execution_date=20210304T211430, start_date=20210304T211452, end_date=20210304T211453
[2021-03-04 21:14:57,797] {local_task_job.py:102} INFO - Task exited with return code 0
