[2021-03-05 01:36:09,762] {taskinstance.py:670} INFO - Dependencies all met for <TaskInstance: clean_data.read_data_search_request 2021-03-05T01:35:21.765790+00:00 [queued]>
[2021-03-05 01:36:09,793] {taskinstance.py:670} INFO - Dependencies all met for <TaskInstance: clean_data.read_data_search_request 2021-03-05T01:35:21.765790+00:00 [queued]>
[2021-03-05 01:36:09,793] {taskinstance.py:880} INFO - 
--------------------------------------------------------------------------------
[2021-03-05 01:36:09,793] {taskinstance.py:881} INFO - Starting attempt 1 of 2
[2021-03-05 01:36:09,794] {taskinstance.py:882} INFO - 
--------------------------------------------------------------------------------
[2021-03-05 01:36:09,832] {taskinstance.py:901} INFO - Executing <Task(SqliteOperator): read_data_search_request> on 2021-03-05T01:35:21.765790+00:00
[2021-03-05 01:36:09,835] {standard_task_runner.py:54} INFO - Started process 1817 to run task
[2021-03-05 01:36:09,871] {standard_task_runner.py:77} INFO - Running: ['airflow', 'run', 'clean_data', 'read_data_search_request', '2021-03-05T01:35:21.765790+00:00', '--job_id', '44', '--pool', 'default_pool', '--raw', '-sd', 'DAGS_FOLDER/data_clean.py', '--cfg_path', '/tmp/tmpl63skzi2']
[2021-03-05 01:36:09,874] {standard_task_runner.py:78} INFO - Job 44: Subtask read_data_search_request
[2021-03-05 01:36:09,938] {logging_mixin.py:112} INFO - Running %s on host %s <TaskInstance: clean_data.read_data_search_request 2021-03-05T01:35:21.765790+00:00 [running]> 6623e80cd770
[2021-03-05 01:36:09,970] {sqlite_operator.py:52} INFO - Executing: 
        select count(*)
        from search_request
    
[2021-03-05 01:36:09,985] {base_hook.py:89} INFO - Using connection to: id: sqlite_db. Host: /data/airflow.db, Port: None, Schema: None, Login: None, Password: None, extra: None
[2021-03-05 01:36:09,988] {dbapi_hook.py:171} INFO - 
        select count(*)
        from search_request
     with parameters []
[2021-03-05 01:36:10,008] {taskinstance.py:1070} INFO - Marking task as SUCCESS.dag_id=clean_data, task_id=read_data_search_request, execution_date=20210305T013521, start_date=20210305T013609, end_date=20210305T013610
[2021-03-05 01:36:14,719] {local_task_job.py:102} INFO - Task exited with return code 0
