[2021-03-04 19:53:43,824] {taskinstance.py:670} INFO - Dependencies all met for <TaskInstance: clean_data.read_data_search_result_interaction 2021-03-04T19:53:21.842844+00:00 [queued]>
[2021-03-04 19:53:43,858] {taskinstance.py:670} INFO - Dependencies all met for <TaskInstance: clean_data.read_data_search_result_interaction 2021-03-04T19:53:21.842844+00:00 [queued]>
[2021-03-04 19:53:43,858] {taskinstance.py:880} INFO - 
--------------------------------------------------------------------------------
[2021-03-04 19:53:43,858] {taskinstance.py:881} INFO - Starting attempt 1 of 2
[2021-03-04 19:53:43,859] {taskinstance.py:882} INFO - 
--------------------------------------------------------------------------------
[2021-03-04 19:53:43,928] {taskinstance.py:901} INFO - Executing <Task(SqliteOperator): read_data_search_result_interaction> on 2021-03-04T19:53:21.842844+00:00
[2021-03-04 19:53:43,936] {standard_task_runner.py:54} INFO - Started process 3837 to run task
[2021-03-04 19:53:43,972] {standard_task_runner.py:77} INFO - Running: ['airflow', 'run', 'clean_data', 'read_data_search_result_interaction', '2021-03-04T19:53:21.842844+00:00', '--job_id', '24', '--pool', 'default_pool', '--raw', '-sd', 'DAGS_FOLDER/data_clean.py', '--cfg_path', '/tmp/tmpkj37flgj']
[2021-03-04 19:53:43,975] {standard_task_runner.py:78} INFO - Job 24: Subtask read_data_search_result_interaction
[2021-03-04 19:53:44,032] {logging_mixin.py:112} INFO - Running %s on host %s <TaskInstance: clean_data.read_data_search_result_interaction 2021-03-04T19:53:21.842844+00:00 [running]> 6623e80cd770
[2021-03-04 19:53:44,061] {sqlite_operator.py:52} INFO - Executing: 
        select count(*)
        from search_result_interaction
    
[2021-03-04 19:53:44,074] {base_hook.py:89} INFO - Using connection to: id: sqlite_db. Host: /data/airflow.db, Port: None, Schema: None, Login: None, Password: None, extra: None
[2021-03-04 19:53:44,078] {dbapi_hook.py:171} INFO - 
        select count(*)
        from search_result_interaction
     with parameters []
[2021-03-04 19:53:44,114] {taskinstance.py:1070} INFO - Marking task as SUCCESS.dag_id=clean_data, task_id=read_data_search_result_interaction, execution_date=20210304T195321, start_date=20210304T195343, end_date=20210304T195344
[2021-03-04 19:53:48,798] {local_task_job.py:102} INFO - Task exited with return code 0
