[2021-03-04 20:04:34,271] {taskinstance.py:670} INFO - Dependencies all met for <TaskInstance: clean_data.read_data_search_request 2021-03-04T20:04:18.948253+00:00 [queued]>
[2021-03-04 20:04:34,296] {taskinstance.py:670} INFO - Dependencies all met for <TaskInstance: clean_data.read_data_search_request 2021-03-04T20:04:18.948253+00:00 [queued]>
[2021-03-04 20:04:34,297] {taskinstance.py:880} INFO - 
--------------------------------------------------------------------------------
[2021-03-04 20:04:34,297] {taskinstance.py:881} INFO - Starting attempt 1 of 2
[2021-03-04 20:04:34,298] {taskinstance.py:882} INFO - 
--------------------------------------------------------------------------------
[2021-03-04 20:04:34,333] {taskinstance.py:901} INFO - Executing <Task(SqliteOperator): read_data_search_request> on 2021-03-04T20:04:18.948253+00:00
[2021-03-04 20:04:34,336] {standard_task_runner.py:54} INFO - Started process 4171 to run task
[2021-03-04 20:04:34,361] {standard_task_runner.py:77} INFO - Running: ['airflow', 'run', 'clean_data', 'read_data_search_request', '2021-03-04T20:04:18.948253+00:00', '--job_id', '28', '--pool', 'default_pool', '--raw', '-sd', 'DAGS_FOLDER/data_clean.py', '--cfg_path', '/tmp/tmpq1_5q3so']
[2021-03-04 20:04:34,364] {standard_task_runner.py:78} INFO - Job 28: Subtask read_data_search_request
[2021-03-04 20:04:34,411] {logging_mixin.py:112} INFO - Running %s on host %s <TaskInstance: clean_data.read_data_search_request 2021-03-04T20:04:18.948253+00:00 [running]> 6623e80cd770
[2021-03-04 20:04:34,436] {sqlite_operator.py:52} INFO - Executing: 
        select count(*)
        from search_request
    
[2021-03-04 20:04:34,446] {base_hook.py:89} INFO - Using connection to: id: sqlite_db. Host: /data/airflow.db, Port: None, Schema: None, Login: None, Password: None, extra: None
[2021-03-04 20:04:34,448] {dbapi_hook.py:171} INFO - 
        select count(*)
        from search_request
     with parameters []
[2021-03-04 20:04:34,461] {taskinstance.py:1070} INFO - Marking task as SUCCESS.dag_id=clean_data, task_id=read_data_search_request, execution_date=20210304T200418, start_date=20210304T200434, end_date=20210304T200434
[2021-03-04 20:04:39,258] {local_task_job.py:102} INFO - Task exited with return code 0
