[2021-03-05 01:36:16,695] {taskinstance.py:670} INFO - Dependencies all met for <TaskInstance: clean_data.read_data_search_result_interaction 2021-03-05T01:35:21.765790+00:00 [queued]>
[2021-03-05 01:36:16,722] {taskinstance.py:670} INFO - Dependencies all met for <TaskInstance: clean_data.read_data_search_result_interaction 2021-03-05T01:35:21.765790+00:00 [queued]>
[2021-03-05 01:36:16,723] {taskinstance.py:880} INFO - 
--------------------------------------------------------------------------------
[2021-03-05 01:36:16,723] {taskinstance.py:881} INFO - Starting attempt 1 of 2
[2021-03-05 01:36:16,724] {taskinstance.py:882} INFO - 
--------------------------------------------------------------------------------
[2021-03-05 01:36:16,755] {taskinstance.py:901} INFO - Executing <Task(SqliteOperator): read_data_search_result_interaction> on 2021-03-05T01:35:21.765790+00:00
[2021-03-05 01:36:16,759] {standard_task_runner.py:54} INFO - Started process 1823 to run task
[2021-03-05 01:36:16,783] {standard_task_runner.py:77} INFO - Running: ['airflow', 'run', 'clean_data', 'read_data_search_result_interaction', '2021-03-05T01:35:21.765790+00:00', '--job_id', '45', '--pool', 'default_pool', '--raw', '-sd', 'DAGS_FOLDER/data_clean.py', '--cfg_path', '/tmp/tmpygfzsyze']
[2021-03-05 01:36:16,786] {standard_task_runner.py:78} INFO - Job 45: Subtask read_data_search_result_interaction
[2021-03-05 01:36:16,841] {logging_mixin.py:112} INFO - Running %s on host %s <TaskInstance: clean_data.read_data_search_result_interaction 2021-03-05T01:35:21.765790+00:00 [running]> 6623e80cd770
[2021-03-05 01:36:16,870] {sqlite_operator.py:52} INFO - Executing: 
        select count(*)
        from search_result_interaction
    
[2021-03-05 01:36:16,880] {base_hook.py:89} INFO - Using connection to: id: sqlite_db. Host: /data/airflow.db, Port: None, Schema: None, Login: None, Password: None, extra: None
[2021-03-05 01:36:16,883] {dbapi_hook.py:171} INFO - 
        select count(*)
        from search_result_interaction
     with parameters []
[2021-03-05 01:36:16,899] {taskinstance.py:1070} INFO - Marking task as SUCCESS.dag_id=clean_data, task_id=read_data_search_result_interaction, execution_date=20210305T013521, start_date=20210305T013616, end_date=20210305T013616
[2021-03-05 01:36:21,682] {local_task_job.py:102} INFO - Task exited with return code 0
